-------------------------------------------------------------------------------
Test set: org.testingworld.automation.runcukes.RunCukes
-------------------------------------------------------------------------------
Tests run: 2, Failures: 1, Errors: 0, Skipped: 1, Time elapsed: 1.121 s <<< FAILURE! - in org.testingworld.automation.runcukes.RunCukes
reportsetup(org.testingworld.automation.runcukes.RunCukes)  Time elapsed: 0.603 s  <<< FAILURE!
java.lang.NullPointerException
	at org.testingworld.automation.runcukes.RunCukes.reportsetup(RunCukes.java:34)

