-------------------------------------------------------------------------------
Test set: TestSuite
-------------------------------------------------------------------------------
Tests run: 2, Failures: 1, Errors: 0, Skipped: 0, Time elapsed: 11.157 s <<< FAILURE! - in TestSuite
feature(org.testingworld.automation.runcukes.RunCukes)  Time elapsed: 1.333 s  <<< FAILURE!
cucumber.runtime.CucumberException: junit.framework.AssertionFailedError
Caused by: junit.framework.AssertionFailedError

