<?xml version="1.0" encoding="UTF-8"?>
<testng-results skipped="0" failed="1" total="2" passed="1">
  <reporter-output>
  </reporter-output>
  <suite name="Surefire suite" duration-ms="10410" started-at="2019-01-23T09:25:01Z" finished-at="2019-01-23T09:25:11Z">
    <groups>
      <group name="cucumber">
        <method signature="AbstractTestNGCucumberTests.feature(cucumber.api.testng.CucumberFeatureWrapper)[pri:0, instance:org.testingworld.automation.runcukes.RunAllTest@4de8b406]" name="feature" class="cucumber.api.testng.AbstractTestNGCucumberTests"/>
        <method signature="AbstractTestNGCucumberTests.feature(cucumber.api.testng.CucumberFeatureWrapper)[pri:0, instance:org.testingworld.automation.runcukes.RunCukes@3c756e4d]" name="feature" class="cucumber.api.testng.AbstractTestNGCucumberTests"/>
      </group> <!-- cucumber -->
    </groups>
    <test name="Surefire test" duration-ms="10410" started-at="2019-01-23T09:25:01Z" finished-at="2019-01-23T09:25:11Z">
      <class name="org.testingworld.automation.runcukes.RunCukes">
        <test-method status="PASS" signature="setUpClass()[pri:0, instance:org.testingworld.automation.runcukes.RunCukes@3c756e4d]" name="setUpClass" is-config="true" duration-ms="19" started-at="2019-01-23T14:55:10Z" finished-at="2019-01-23T14:55:10Z">
          <reporter-output>
          </reporter-output>
        </test-method> <!-- setUpClass -->
        <test-method status="FAIL" signature="feature(cucumber.api.testng.CucumberFeatureWrapper)[pri:0, instance:org.testingworld.automation.runcukes.RunCukes@3c756e4d]" name="feature" duration-ms="1326" started-at="2019-01-23T14:55:10Z" description="Runs Cucumber Feature" data-provider="features" finished-at="2019-01-23T14:55:11Z">
          <params>
            <param index="0">
              <value>
                <![CDATA[Login functionality]]>
              </value>
            </param>
          </params>
          <exception class="cucumber.runtime.CucumberException">
            <message>
              <![CDATA[junit.framework.AssertionFailedError]]>
            </message>
            <full-stacktrace>
              <![CDATA[cucumber.runtime.CucumberException: junit.framework.AssertionFailedError
	at cucumber.api.testng.TestNGCucumberRunner.runCucumber(TestNGCucumberRunner.java:69)
	at cucumber.api.testng.AbstractTestNGCucumberTests.feature(AbstractTestNGCucumberTests.java:21)
	at sun.reflect.NativeMethodAccessorImpl.invoke0(Native Method)
	at sun.reflect.NativeMethodAccessorImpl.invoke(NativeMethodAccessorImpl.java:62)
	at sun.reflect.DelegatingMethodAccessorImpl.invoke(DelegatingMethodAccessorImpl.java:43)
	at java.lang.reflect.Method.invoke(Method.java:498)
	at org.testng.internal.MethodInvocationHelper.invokeMethod(MethodInvocationHelper.java:86)
	at org.testng.internal.Invoker.invokeMethod(Invoker.java:643)
	at org.testng.internal.Invoker.invokeTestMethod(Invoker.java:820)
	at org.testng.internal.Invoker.invokeTestMethods(Invoker.java:1128)
	at org.testng.internal.TestMethodWorker.invokeTestMethods(TestMethodWorker.java:129)
	at org.testng.internal.TestMethodWorker.run(TestMethodWorker.java:112)
	at org.testng.TestRunner.privateRun(TestRunner.java:782)
	at org.testng.TestRunner.run(TestRunner.java:632)
	at org.testng.SuiteRunner.runTest(SuiteRunner.java:366)
	at org.testng.SuiteRunner.runSequentially(SuiteRunner.java:361)
	at org.testng.SuiteRunner.privateRun(SuiteRunner.java:319)
	at org.testng.SuiteRunner.run(SuiteRunner.java:268)
	at org.testng.SuiteRunnerWorker.runSuite(SuiteRunnerWorker.java:52)
	at org.testng.SuiteRunnerWorker.run(SuiteRunnerWorker.java:86)
	at org.testng.TestNG.runSuitesSequentially(TestNG.java:1244)
	at org.testng.TestNG.runSuitesLocally(TestNG.java:1169)
	at org.testng.TestNG.run(TestNG.java:1064)
	at org.apache.maven.surefire.testng.TestNGExecutor.run(TestNGExecutor.java:135)
	at org.apache.maven.surefire.testng.TestNGDirectoryTestSuite.executeMulti(TestNGDirectoryTestSuite.java:193)
	at org.apache.maven.surefire.testng.TestNGDirectoryTestSuite.execute(TestNGDirectoryTestSuite.java:94)
	at org.apache.maven.surefire.testng.TestNGProvider.invoke(TestNGProvider.java:146)
	at org.apache.maven.surefire.booter.ForkedBooter.invokeProviderInSameClassLoader(ForkedBooter.java:386)
	at org.apache.maven.surefire.booter.ForkedBooter.runSuitesInProcess(ForkedBooter.java:323)
	at org.apache.maven.surefire.booter.ForkedBooter.main(ForkedBooter.java:143)
Caused by: junit.framework.AssertionFailedError
	at junit.framework.Assert.fail(Assert.java:55)
	at junit.framework.Assert.assertTrue(Assert.java:22)
	at junit.framework.Assert.assertTrue(Assert.java:31)
	at org.testingworld.automation.runcukes.steps.login_should_be_successful(steps.java:45)
	at ✽.Then login should be successful(C:/Users/ramesh.biradar/eclipse-workspace/BDDautomation/src/test/resources/featuresFile/FacebookLogin.feature:7)
]]>
            </full-stacktrace>
          </exception> <!-- cucumber.runtime.CucumberException -->
          <reporter-output>
          </reporter-output>
        </test-method> <!-- feature -->
        <test-method status="PASS" signature="reportsetup()[pri:0, instance:org.testingworld.automation.runcukes.RunCukes@3c756e4d]" name="reportsetup" is-config="true" duration-ms="2" started-at="2019-01-23T14:55:11Z" finished-at="2019-01-23T14:55:11Z">
          <reporter-output>
          </reporter-output>
        </test-method> <!-- reportsetup -->
        <test-method status="PASS" signature="tearDownClass()[pri:0, instance:org.testingworld.automation.runcukes.RunCukes@3c756e4d]" name="tearDownClass" is-config="true" duration-ms="46" started-at="2019-01-23T14:55:11Z" finished-at="2019-01-23T14:55:11Z">
          <reporter-output>
          </reporter-output>
        </test-method> <!-- tearDownClass -->
      </class> <!-- org.testingworld.automation.runcukes.RunCukes -->
      <class name="org.testingworld.automation.runcukes.RunAllTest">
        <test-method status="PASS" signature="setUpClass()[pri:0, instance:org.testingworld.automation.runcukes.RunAllTest@4de8b406]" name="setUpClass" is-config="true" duration-ms="216" started-at="2019-01-23T14:55:01Z" finished-at="2019-01-23T14:55:01Z">
          <reporter-output>
          </reporter-output>
        </test-method> <!-- setUpClass -->
        <test-method status="PASS" signature="feature(cucumber.api.testng.CucumberFeatureWrapper)[pri:0, instance:org.testingworld.automation.runcukes.RunAllTest@4de8b406]" name="feature" duration-ms="8274" started-at="2019-01-23T14:55:01Z" description="Runs Cucumber Feature" data-provider="features" finished-at="2019-01-23T14:55:09Z">
          <params>
            <param index="0">
              <value>
                <![CDATA[Create Facebook account]]>
              </value>
            </param>
          </params>
          <reporter-output>
          </reporter-output>
        </test-method> <!-- feature -->
        <test-method status="PASS" signature="reportsetup()[pri:0, instance:org.testingworld.automation.runcukes.RunAllTest@4de8b406]" name="reportsetup" is-config="true" duration-ms="158" started-at="2019-01-23T14:55:09Z" finished-at="2019-01-23T14:55:10Z">
          <reporter-output>
          </reporter-output>
        </test-method> <!-- reportsetup -->
        <test-method status="PASS" signature="tearDownClass()[pri:0, instance:org.testingworld.automation.runcukes.RunAllTest@4de8b406]" name="tearDownClass" is-config="true" duration-ms="291" started-at="2019-01-23T14:55:10Z" finished-at="2019-01-23T14:55:10Z">
          <reporter-output>
          </reporter-output>
        </test-method> <!-- tearDownClass -->
      </class> <!-- org.testingworld.automation.runcukes.RunAllTest -->
    </test> <!-- Surefire test -->
  </suite> <!-- Surefire suite -->
</testng-results>
